{"/home/laboratoria/Área de Trabalho/getLinksFromMd/index.js":{"path":"/home/laboratoria/Área de Trabalho/getLinksFromMd/index.js","statementMap":{"0":{"start":{"line":1,"column":0},"end":{"line":1,"column":47}},"1":{"start":{"line":4,"column":2},"end":{"line":10,"column":3}},"2":{"start":{"line":5,"column":4},"end":{"line":5,"column":45}},"3":{"start":{"line":6,"column":8},"end":{"line":10,"column":3}},"4":{"start":{"line":7,"column":4},"end":{"line":7,"column":53}},"5":{"start":{"line":9,"column":4},"end":{"line":9,"column":39}},"6":{"start":{"line":14,"column":16},"end":{"line":14,"column":74}},"7":{"start":{"line":15,"column":16},"end":{"line":15,"column":32}},"8":{"start":{"line":16,"column":2},"end":{"line":16,"column":49}},"9":{"start":{"line":20,"column":23},"end":{"line":20,"column":25}},"10":{"start":{"line":21,"column":2},"end":{"line":28,"column":3}},"11":{"start":{"line":22,"column":14},"end":{"line":22,"column":16}},"12":{"start":{"line":23,"column":18},"end":{"line":23,"column":36}},"13":{"start":{"line":24,"column":27},"end":{"line":24,"column":50}},"14":{"start":{"line":25,"column":4},"end":{"line":25,"column":38}},"15":{"start":{"line":26,"column":4},"end":{"line":26,"column":38}},"16":{"start":{"line":27,"column":4},"end":{"line":27,"column":29}},"17":{"start":{"line":29,"column":2},"end":{"line":29,"column":24}}},"fnMap":{"0":{"name":"getLinksFromMd","decl":{"start":{"line":3,"column":9},"end":{"line":3,"column":23}},"loc":{"start":{"line":3,"column":32},"end":{"line":11,"column":1}},"line":3},"1":{"name":"markdownsSelection","decl":{"start":{"line":13,"column":9},"end":{"line":13,"column":27}},"loc":{"start":{"line":13,"column":32},"end":{"line":17,"column":1}},"line":13},"2":{"name":"transformMarkdowInArrayOfObjects","decl":{"start":{"line":19,"column":9},"end":{"line":19,"column":41}},"loc":{"start":{"line":19,"column":48},"end":{"line":30,"column":1}},"line":19}},"branchMap":{"0":{"loc":{"start":{"line":4,"column":2},"end":{"line":10,"column":3}},"type":"if","locations":[{"start":{"line":4,"column":2},"end":{"line":10,"column":3}},{"start":{"line":4,"column":2},"end":{"line":10,"column":3}}],"line":4},"1":{"loc":{"start":{"line":6,"column":8},"end":{"line":10,"column":3}},"type":"if","locations":[{"start":{"line":6,"column":8},"end":{"line":10,"column":3}},{"start":{"line":6,"column":8},"end":{"line":10,"column":3}}],"line":6}},"s":{"0":1,"1":11,"2":1,"3":10,"4":1,"5":9,"6":9,"7":9,"8":9,"9":9,"10":9,"11":6,"12":6,"13":6,"14":6,"15":6,"16":6,"17":9},"f":{"0":11,"1":9,"2":9},"b":{"0":[1,10],"1":[1,9]},"_coverageSchema":"d34fc3e6b8297bcde183f5492bcb8fcb36775295","hash":"1d375ac9fcabd13df046728c65c7e175b63dbc8c","contentHash":"a4b6c81660dd19aa9897fff0ed6d4e5d"}}