{"/home/laboratoria/Área de Trabalho/getLinksFromMd/index.js":{"path":"/home/laboratoria/Área de Trabalho/getLinksFromMd/index.js","statementMap":{"0":{"start":{"line":1,"column":0},"end":{"line":1,"column":47}},"1":{"start":{"line":4,"column":22},"end":{"line":4,"column":41}},"2":{"start":{"line":5,"column":18},"end":{"line":5,"column":51}},"3":{"start":{"line":6,"column":19},"end":{"line":6,"column":62}},"4":{"start":{"line":7,"column":2},"end":{"line":7,"column":20}},"5":{"start":{"line":10,"column":2},"end":{"line":16,"column":3}},"6":{"start":{"line":11,"column":4},"end":{"line":11,"column":45}},"7":{"start":{"line":12,"column":8},"end":{"line":16,"column":3}},"8":{"start":{"line":13,"column":4},"end":{"line":13,"column":53}},"9":{"start":{"line":15,"column":4},"end":{"line":15,"column":19}},"10":{"start":{"line":19,"column":14},"end":{"line":19,"column":72}},"11":{"start":{"line":20,"column":14},"end":{"line":20,"column":30}},"12":{"start":{"line":21,"column":2},"end":{"line":21,"column":15}},"13":{"start":{"line":24,"column":23},"end":{"line":24,"column":25}},"14":{"start":{"line":25,"column":2},"end":{"line":34,"column":3}},"15":{"start":{"line":26,"column":14},"end":{"line":26,"column":16}},"16":{"start":{"line":27,"column":20},"end":{"line":27,"column":50}},"17":{"start":{"line":28,"column":15},"end":{"line":28,"column":55}},"18":{"start":{"line":29,"column":20},"end":{"line":29,"column":49}},"19":{"start":{"line":30,"column":15},"end":{"line":30,"column":55}},"20":{"start":{"line":31,"column":4},"end":{"line":31,"column":23}},"21":{"start":{"line":32,"column":4},"end":{"line":32,"column":23}},"22":{"start":{"line":33,"column":4},"end":{"line":33,"column":29}},"23":{"start":{"line":35,"column":2},"end":{"line":35,"column":24}}},"fnMap":{"0":{"name":"getLinksFromMd","decl":{"start":{"line":3,"column":9},"end":{"line":3,"column":23}},"loc":{"start":{"line":3,"column":28},"end":{"line":8,"column":1}},"line":3},"1":{"name":"validateString","decl":{"start":{"line":9,"column":9},"end":{"line":9,"column":23}},"loc":{"start":{"line":9,"column":32},"end":{"line":17,"column":1}},"line":9},"2":{"name":"markdownsSelection","decl":{"start":{"line":18,"column":9},"end":{"line":18,"column":27}},"loc":{"start":{"line":18,"column":32},"end":{"line":22,"column":1}},"line":18},"3":{"name":"transformMarkdowInArrayOfObjects","decl":{"start":{"line":23,"column":9},"end":{"line":23,"column":41}},"loc":{"start":{"line":23,"column":48},"end":{"line":36,"column":1}},"line":23}},"branchMap":{"0":{"loc":{"start":{"line":10,"column":2},"end":{"line":16,"column":3}},"type":"if","locations":[{"start":{"line":10,"column":2},"end":{"line":16,"column":3}},{"start":{"line":10,"column":2},"end":{"line":16,"column":3}}],"line":10},"1":{"loc":{"start":{"line":12,"column":8},"end":{"line":16,"column":3}},"type":"if","locations":[{"start":{"line":12,"column":8},"end":{"line":16,"column":3}},{"start":{"line":12,"column":8},"end":{"line":16,"column":3}}],"line":12}},"s":{"0":1,"1":11,"2":9,"3":9,"4":9,"5":11,"6":1,"7":10,"8":1,"9":9,"10":9,"11":9,"12":9,"13":9,"14":9,"15":6,"16":6,"17":6,"18":6,"19":6,"20":6,"21":6,"22":6,"23":9},"f":{"0":11,"1":11,"2":9,"3":9},"b":{"0":[1,10],"1":[1,9]},"_coverageSchema":"d34fc3e6b8297bcde183f5492bcb8fcb36775295","hash":"c0ee6480dfbf1ecb3e58544db1f573e2940a7b95","contentHash":"37073121c7f87b610e323f1a11aedda3"}}