{"/home/laboratoria/Área de Trabalho/getLinksFromMd/index.js":{"path":"/home/laboratoria/Área de Trabalho/getLinksFromMd/index.js","statementMap":{"0":{"start":{"line":1,"column":0},"end":{"line":1,"column":47}},"1":{"start":{"line":4,"column":18},"end":{"line":4,"column":41}},"2":{"start":{"line":5,"column":19},"end":{"line":5,"column":62}},"3":{"start":{"line":6,"column":2},"end":{"line":6,"column":20}},"4":{"start":{"line":9,"column":14},"end":{"line":9,"column":72}},"5":{"start":{"line":10,"column":14},"end":{"line":10,"column":34}},"6":{"start":{"line":11,"column":2},"end":{"line":11,"column":15}},"7":{"start":{"line":14,"column":23},"end":{"line":14,"column":25}},"8":{"start":{"line":15,"column":2},"end":{"line":24,"column":3}},"9":{"start":{"line":16,"column":14},"end":{"line":16,"column":16}},"10":{"start":{"line":17,"column":20},"end":{"line":17,"column":50}},"11":{"start":{"line":18,"column":15},"end":{"line":18,"column":55}},"12":{"start":{"line":19,"column":20},"end":{"line":19,"column":49}},"13":{"start":{"line":20,"column":15},"end":{"line":20,"column":55}},"14":{"start":{"line":21,"column":4},"end":{"line":21,"column":23}},"15":{"start":{"line":22,"column":4},"end":{"line":22,"column":23}},"16":{"start":{"line":23,"column":4},"end":{"line":23,"column":29}},"17":{"start":{"line":25,"column":2},"end":{"line":25,"column":24}}},"fnMap":{"0":{"name":"getLinksFromMd","decl":{"start":{"line":3,"column":9},"end":{"line":3,"column":23}},"loc":{"start":{"line":3,"column":28},"end":{"line":7,"column":1}},"line":3},"1":{"name":"markdownsSelection","decl":{"start":{"line":8,"column":9},"end":{"line":8,"column":27}},"loc":{"start":{"line":8,"column":36},"end":{"line":12,"column":1}},"line":8},"2":{"name":"transformMarkdowInArrayOfObjects","decl":{"start":{"line":13,"column":9},"end":{"line":13,"column":41}},"loc":{"start":{"line":13,"column":48},"end":{"line":26,"column":1}},"line":13}},"branchMap":{},"s":{"0":1,"1":5,"2":5,"3":5,"4":5,"5":5,"6":5,"7":5,"8":5,"9":6,"10":6,"11":6,"12":6,"13":6,"14":6,"15":6,"16":6,"17":5},"f":{"0":5,"1":5,"2":5},"b":{},"_coverageSchema":"d34fc3e6b8297bcde183f5492bcb8fcb36775295","hash":"d88e12f338916514b1f404c4e7cbd9b3d76e5076","contentHash":"220616363d01af64b173bd161083d76c"}}